<?xml version="1.0" encoding="UTF-8"?>
<!-- Generated by org.testng.reporters.JUnitReportReporter -->
<testsuite skipped="0" hostname="Rahul-PC" name="seleniumAssign.UrbanLadder" tests="1" failures="0" timestamp="18 Nov 2018 11:33:57 GMT" time="33.495" errors="0">
  <testcase name="loungeChairs" time="33.495" classname="seleniumAssign.UrbanLadder"/>
</testsuite> <!-- seleniumAssign.UrbanLadder -->
