<?xml version="1.0" encoding="UTF-8"?>
<!-- Generated by org.testng.reporters.JUnitReportReporter -->
<testsuite skipped="0" hostname="Rahul-PC" name="assignment.ValidatePrice" tests="1" failures="0" timestamp="10 Jan 2019 07:07:45 GMT" time="34.694" errors="0">
  <testcase name="priceValidate" time="34.694" classname="assignment.ValidatePrice"/>
</testsuite> <!-- assignment.ValidatePrice -->
