<?xml version="1.0" encoding="UTF-8"?>
<!-- Generated by org.testng.reporters.JUnitReportReporter -->
<testsuite skipped="0" hostname="Rahul-PC" name="basic.LaunchBrowser" tests="1" failures="0" timestamp="10 Jan 2019 05:41:16 GMT" time="19.470" errors="0">
  <testcase name="launch" time="19.470" classname="basic.LaunchBrowser"/>
</testsuite> <!-- basic.LaunchBrowser -->
