<?xml version="1.0" encoding="UTF-8"?>
<!-- Generated by org.testng.reporters.JUnitReportReporter -->
<testsuite skipped="0" hostname="Rahul-PC" name="tys.PumaMenu" tests="1" failures="0" timestamp="01 Nov 2018 13:51:06 GMT" time="11.488" errors="0">
  <testcase name="menu" time="11.488" classname="tys.PumaMenu"/>
</testsuite> <!-- tys.PumaMenu -->
