<?xml version="1.0" encoding="UTF-8"?>
<!-- Generated by org.testng.reporters.JUnitReportReporter -->
<testsuite skipped="0" hostname="Rahul-PC" name="tys.craftvillas" tests="1" failures="0" timestamp="09 Nov 2018 18:11:15 GMT" time="16.295" errors="0">
  <testcase name="sareePriceFilter" time="16.295" classname="tys.craftvillas"/>
</testsuite> <!-- tys.craftvillas -->
