<?xml version="1.0" encoding="UTF-8"?>
<!-- Generated by org.testng.reporters.JUnitReportReporter -->
<testsuite hostname="Rahul-PC" name="assignment.One" tests="1" failures="0" timestamp="10 Jan 2019 07:41:03 GMT" time="0.015" errors="0">
  <testcase name="testA" time="0.015" classname="assignment.One"/>
</testsuite> <!-- assignment.One -->
