<?xml version="1.0" encoding="UTF-8"?>
<!-- Generated by org.testng.reporters.JUnitReportReporter -->
<testsuite skipped="0" hostname="Rahul-PC" name="readExcel.TestCaseCount" tests="1" failures="0" timestamp="23 Sep 2018 19:11:04 GMT" time="0.911" errors="0">
  <testcase name="testA" time="0.911" classname="readExcel.TestCaseCount"/>
</testsuite> <!-- readExcel.TestCaseCount -->
