<?xml version="1.0" encoding="UTF-8"?>
<!-- Generated by org.testng.reporters.JUnitReportReporter -->
<testsuite skipped="0" hostname="Rahul-PC" name="sony.Xl" tests="2" failures="0" timestamp="31 Dec 2000 18:52:09 GMT" time="0.028" errors="0">
  <testcase name="deleteUser" time="0.002" classname="sony.Xl"/>
  <testcase name="createUser" time="0.026" classname="sony.Xl"/>
</testsuite> <!-- sony.Xl -->
