<?xml version="1.0" encoding="UTF-8"?>
<!-- Generated by org.testng.reporters.JUnitReportReporter -->
<testsuite skipped="0" hostname="Rahul-PC" name="sony.DemoA" tests="1" failures="0" timestamp="19 Sep 2018 07:24:15 GMT" time="0.020" errors="0">
  <testcase name="testA" time="0.020" classname="sony.DemoA"/>
</testsuite> <!-- sony.DemoA -->
