<?xml version="1.0" encoding="UTF-8"?>
<!-- Generated by org.testng.reporters.JUnitReportReporter -->
<testsuite skipped="0" hostname="Rahul-PC" name="listenerTestNG.TestCaseCount" tests="1" failures="0" timestamp="23 Sep 2018 17:42:58 GMT" time="1.351" errors="0">
  <testcase name="testA" time="1.351" classname="listenerTestNG.TestCaseCount"/>
</testsuite> <!-- listenerTestNG.TestCaseCount -->
